INFO:root:here we go....
INFO:root:opcode: 03-INPUT, pmodes: 000, from-input: 5, @ctr+1: 8, ctr in: 0, returning: 2
INFO:root:a:[5, 6, 7, 8, 9], i:0, prog_ctr:2, prog_status:RUNNING, inputs:[0]
INFO:root:inputs: 0:[0] 1:[None, 6] 2:[None, 7] 3:[None, 8] 4:[None, 9] 
INFO:root:opcode: 01-ADD, pmodes: 010, ctr+1: 8, op1: 5, ctr+2: 10, op2: 10, calcval: 15, ctr+3: 8, ctr in: 2, returning: 6
INFO:root:a:[5, 6, 7, 8, 9], i:0, prog_ctr:6, prog_status:RUNNING, inputs:[0]
INFO:root:opcode: 05-JUMP-TRUE, pmodes: 001, ctr+1: 1, val_to_test: 1, ctr+2: 15, ctr+3: 0, ctr in: 6, returning: 126
INFO:root:a:[5, 6, 7, 8, 9], i:0, prog_ctr:126, prog_status:RUNNING, inputs:[0]
INFO:root:opcode: 03-INPUT, pmodes: 000, from-input: 0, @ctr+1: 9, ctr in: 126, returning: 128
INFO:root:a:[5, 6, 7, 8, 9], i:0, prog_ctr:128, prog_status:RUNNING, inputs:[0]
INFO:root:opcode: 02-MULTIPLY, pmodes: 010, ctr+1: 9, op1: 0, ctr+2: 2, op2: 2, calcval: 0, ctr+3: 9, ctr in: 128, returning: 132
INFO:root:a:[5, 6, 7, 8, 9], i:0, prog_ctr:132, prog_status:RUNNING, inputs:[0]
INFO:root:outputting: 0 to stage: 1
INFO:root:opcode: 04-OUTPUT, pmodes: 000, @ctr+1: 9, ctr in: 132, returning: 134
INFO:root:a:[5, 6, 7, 8, 9], i:0, prog_ctr:134, prog_status:OUTPUT, inputs:[0]
INFO:root:opcode: 03-INPUT, pmodes: 000, from-input: 6, @ctr+1: 8, ctr in: 0, returning: 2
INFO:root:a:[5, 6, 7, 8, 9], i:1, prog_ctr:2, prog_status:RUNNING, inputs:[0]
INFO:root:inputs: 0:[0] 1:[0] 2:[None, 7] 3:[None, 8] 4:[None, 9] 
INFO:root:opcode: 01-ADD, pmodes: 010, ctr+1: 8, op1: 6, ctr+2: 10, op2: 10, calcval: 16, ctr+3: 8, ctr in: 2, returning: 6
INFO:root:a:[5, 6, 7, 8, 9], i:1, prog_ctr:6, prog_status:RUNNING, inputs:[0]
INFO:root:opcode: 05-JUMP-TRUE, pmodes: 001, ctr+1: 1, val_to_test: 1, ctr+2: 16, ctr+3: 0, ctr in: 6, returning: 207
INFO:root:a:[5, 6, 7, 8, 9], i:1, prog_ctr:207, prog_status:RUNNING, inputs:[0]
INFO:root:opcode: 03-INPUT, pmodes: 000, from-input: 0, @ctr+1: 9, ctr in: 207, returning: 209
INFO:root:a:[5, 6, 7, 8, 9], i:1, prog_ctr:209, prog_status:RUNNING, inputs:[0]
INFO:root:opcode: 01-ADD, pmodes: 010, ctr+1: 9, op1: 0, ctr+2: 2, op2: 2, calcval: 2, ctr+3: 9, ctr in: 209, returning: 213
INFO:root:a:[5, 6, 7, 8, 9], i:1, prog_ctr:213, prog_status:RUNNING, inputs:[0]
INFO:root:outputting: 2 to stage: 2
INFO:root:opcode: 04-OUTPUT, pmodes: 000, @ctr+1: 9, ctr in: 213, returning: 215
INFO:root:a:[5, 6, 7, 8, 9], i:1, prog_ctr:215, prog_status:OUTPUT, inputs:[0]
INFO:root:opcode: 03-INPUT, pmodes: 000, from-input: 7, @ctr+1: 8, ctr in: 0, returning: 2
INFO:root:a:[5, 6, 7, 8, 9], i:2, prog_ctr:2, prog_status:RUNNING, inputs:[2]
INFO:root:inputs: 0:[0] 1:[0] 2:[2] 3:[None, 8] 4:[None, 9] 
INFO:root:opcode: 01-ADD, pmodes: 010, ctr+1: 8, op1: 7, ctr+2: 10, op2: 10, calcval: 17, ctr+3: 8, ctr in: 2, returning: 6
INFO:root:a:[5, 6, 7, 8, 9], i:2, prog_ctr:6, prog_status:RUNNING, inputs:[2]
INFO:root:opcode: 05-JUMP-TRUE, pmodes: 001, ctr+1: 1, val_to_test: 1, ctr+2: 17, ctr+3: 0, ctr in: 6, returning: 288
INFO:root:a:[5, 6, 7, 8, 9], i:2, prog_ctr:288, prog_status:RUNNING, inputs:[2]
INFO:root:opcode: 03-INPUT, pmodes: 000, from-input: 2, @ctr+1: 9, ctr in: 288, returning: 290
INFO:root:a:[5, 6, 7, 8, 9], i:2, prog_ctr:290, prog_status:RUNNING, inputs:[2]
INFO:root:opcode: 02-MULTIPLY, pmodes: 001, ctr+1: 2, op1: 2, ctr+2: 9, op2: 2, calcval: 4, ctr+3: 9, ctr in: 290, returning: 294
INFO:root:a:[5, 6, 7, 8, 9], i:2, prog_ctr:294, prog_status:RUNNING, inputs:[2]
INFO:root:outputting: 4 to stage: 3
INFO:root:opcode: 04-OUTPUT, pmodes: 000, @ctr+1: 9, ctr in: 294, returning: 296
INFO:root:a:[5, 6, 7, 8, 9], i:2, prog_ctr:296, prog_status:OUTPUT, inputs:[2]
INFO:root:opcode: 03-INPUT, pmodes: 000, from-input: 8, @ctr+1: 8, ctr in: 0, returning: 2
INFO:root:a:[5, 6, 7, 8, 9], i:3, prog_ctr:2, prog_status:RUNNING, inputs:[4]
INFO:root:inputs: 0:[0] 1:[0] 2:[2] 3:[4] 4:[None, 9] 
INFO:root:opcode: 01-ADD, pmodes: 010, ctr+1: 8, op1: 8, ctr+2: 10, op2: 10, calcval: 18, ctr+3: 8, ctr in: 2, returning: 6
INFO:root:a:[5, 6, 7, 8, 9], i:3, prog_ctr:6, prog_status:RUNNING, inputs:[4]
INFO:root:opcode: 05-JUMP-TRUE, pmodes: 001, ctr+1: 1, val_to_test: 1, ctr+2: 18, ctr+3: 0, ctr in: 6, returning: 369
INFO:root:a:[5, 6, 7, 8, 9], i:3, prog_ctr:369, prog_status:RUNNING, inputs:[4]
INFO:root:opcode: 03-INPUT, pmodes: 000, from-input: 4, @ctr+1: 9, ctr in: 369, returning: 371
INFO:root:a:[5, 6, 7, 8, 9], i:3, prog_ctr:371, prog_status:RUNNING, inputs:[4]
INFO:root:opcode: 01-ADD, pmodes: 010, ctr+1: 9, op1: 4, ctr+2: 2, op2: 2, calcval: 6, ctr+3: 9, ctr in: 371, returning: 375
INFO:root:a:[5, 6, 7, 8, 9], i:3, prog_ctr:375, prog_status:RUNNING, inputs:[4]
INFO:root:outputting: 6 to stage: 4
INFO:root:opcode: 04-OUTPUT, pmodes: 000, @ctr+1: 9, ctr in: 375, returning: 377
INFO:root:a:[5, 6, 7, 8, 9], i:3, prog_ctr:377, prog_status:OUTPUT, inputs:[4]
INFO:root:opcode: 03-INPUT, pmodes: 000, from-input: 9, @ctr+1: 8, ctr in: 0, returning: 2
INFO:root:a:[5, 6, 7, 8, 9], i:4, prog_ctr:2, prog_status:RUNNING, inputs:[6]
INFO:root:inputs: 0:[0] 1:[0] 2:[2] 3:[4] 4:[6] 
INFO:root:opcode: 01-ADD, pmodes: 010, ctr+1: 8, op1: 9, ctr+2: 10, op2: 10, calcval: 19, ctr+3: 8, ctr in: 2, returning: 6
INFO:root:a:[5, 6, 7, 8, 9], i:4, prog_ctr:6, prog_status:RUNNING, inputs:[6]
INFO:root:opcode: 05-JUMP-TRUE, pmodes: 001, ctr+1: 1, val_to_test: 1, ctr+2: 19, ctr+3: 0, ctr in: 6, returning: 450
INFO:root:a:[5, 6, 7, 8, 9], i:4, prog_ctr:450, prog_status:RUNNING, inputs:[6]
INFO:root:opcode: 03-INPUT, pmodes: 000, from-input: 6, @ctr+1: 9, ctr in: 450, returning: 452
INFO:root:a:[5, 6, 7, 8, 9], i:4, prog_ctr:452, prog_status:RUNNING, inputs:[6]
INFO:root:opcode: 02-MULTIPLY, pmodes: 001, ctr+1: 2, op1: 2, ctr+2: 9, op2: 6, calcval: 12, ctr+3: 9, ctr in: 452, returning: 456
INFO:root:a:[5, 6, 7, 8, 9], i:4, prog_ctr:456, prog_status:RUNNING, inputs:[6]
INFO:root:outputting: 12 to stage: 0
INFO:root:opcode: 04-OUTPUT, pmodes: 000, @ctr+1: 9, ctr in: 456, returning: 458
INFO:root:a:[5, 6, 7, 8, 9], i:4, prog_ctr:458, prog_status:OUTPUT, inputs:[6]
INFO:root:opcode: 03-INPUT, pmodes: 000, from-input: 12, @ctr+1: 9, ctr in: 134, returning: 136
INFO:root:a:[5, 6, 7, 8, 9], i:0, prog_ctr:136, prog_status:RUNNING, inputs:[12]
INFO:root:inputs: 0:[12] 1:[0] 2:[2] 3:[4] 4:[6] 
INFO:root:opcode: 02-MULTIPLY, pmodes: 010, ctr+1: 9, op1: 12, ctr+2: 2, op2: 2, calcval: 24, ctr+3: 9, ctr in: 136, returning: 140
INFO:root:a:[5, 6, 7, 8, 9], i:0, prog_ctr:140, prog_status:RUNNING, inputs:[12]
INFO:root:outputting: 24 to stage: 1
INFO:root:opcode: 04-OUTPUT, pmodes: 000, @ctr+1: 9, ctr in: 140, returning: 142
INFO:root:a:[5, 6, 7, 8, 9], i:0, prog_ctr:142, prog_status:OUTPUT, inputs:[12]
INFO:root:opcode: 03-INPUT, pmodes: 000, from-input: 24, @ctr+1: 9, ctr in: 215, returning: 217
INFO:root:a:[5, 6, 7, 8, 9], i:1, prog_ctr:217, prog_status:RUNNING, inputs:[24]
INFO:root:inputs: 0:[12] 1:[24] 2:[2] 3:[4] 4:[6] 
INFO:root:opcode: 02-MULTIPLY, pmodes: 010, ctr+1: 9, op1: 24, ctr+2: 2, op2: 2, calcval: 48, ctr+3: 9, ctr in: 217, returning: 221
INFO:root:a:[5, 6, 7, 8, 9], i:1, prog_ctr:221, prog_status:RUNNING, inputs:[24]
INFO:root:outputting: 48 to stage: 2
INFO:root:opcode: 04-OUTPUT, pmodes: 000, @ctr+1: 9, ctr in: 221, returning: 223
INFO:root:a:[5, 6, 7, 8, 9], i:1, prog_ctr:223, prog_status:OUTPUT, inputs:[24]
INFO:root:opcode: 03-INPUT, pmodes: 000, from-input: 48, @ctr+1: 9, ctr in: 296, returning: 298
INFO:root:a:[5, 6, 7, 8, 9], i:2, prog_ctr:298, prog_status:RUNNING, inputs:[48]
INFO:root:inputs: 0:[12] 1:[24] 2:[48] 3:[4] 4:[6] 
INFO:root:opcode: 01-ADD, pmodes: 010, ctr+1: 9, op1: 48, ctr+2: 1, op2: 1, calcval: 49, ctr+3: 9, ctr in: 298, returning: 302
INFO:root:a:[5, 6, 7, 8, 9], i:2, prog_ctr:302, prog_status:RUNNING, inputs:[48]
INFO:root:outputting: 49 to stage: 3
INFO:root:opcode: 04-OUTPUT, pmodes: 000, @ctr+1: 9, ctr in: 302, returning: 304
INFO:root:a:[5, 6, 7, 8, 9], i:2, prog_ctr:304, prog_status:OUTPUT, inputs:[48]
INFO:root:opcode: 03-INPUT, pmodes: 000, from-input: 49, @ctr+1: 9, ctr in: 377, returning: 379
INFO:root:a:[5, 6, 7, 8, 9], i:3, prog_ctr:379, prog_status:RUNNING, inputs:[49]
INFO:root:inputs: 0:[12] 1:[24] 2:[48] 3:[49] 4:[6] 
INFO:root:opcode: 01-ADD, pmodes: 001, ctr+1: 1, op1: 1, ctr+2: 9, op2: 49, calcval: 50, ctr+3: 9, ctr in: 379, returning: 383
INFO:root:a:[5, 6, 7, 8, 9], i:3, prog_ctr:383, prog_status:RUNNING, inputs:[49]
INFO:root:outputting: 50 to stage: 4
INFO:root:opcode: 04-OUTPUT, pmodes: 000, @ctr+1: 9, ctr in: 383, returning: 385
INFO:root:a:[5, 6, 7, 8, 9], i:3, prog_ctr:385, prog_status:OUTPUT, inputs:[49]
INFO:root:opcode: 03-INPUT, pmodes: 000, from-input: 50, @ctr+1: 9, ctr in: 458, returning: 460
INFO:root:a:[5, 6, 7, 8, 9], i:4, prog_ctr:460, prog_status:RUNNING, inputs:[50]
INFO:root:inputs: 0:[12] 1:[24] 2:[48] 3:[49] 4:[50] 
INFO:root:opcode: 01-ADD, pmodes: 010, ctr+1: 9, op1: 50, ctr+2: 1, op2: 1, calcval: 51, ctr+3: 9, ctr in: 460, returning: 464
INFO:root:a:[5, 6, 7, 8, 9], i:4, prog_ctr:464, prog_status:RUNNING, inputs:[50]
INFO:root:outputting: 51 to stage: 0
INFO:root:opcode: 04-OUTPUT, pmodes: 000, @ctr+1: 9, ctr in: 464, returning: 466
INFO:root:a:[5, 6, 7, 8, 9], i:4, prog_ctr:466, prog_status:OUTPUT, inputs:[50]
INFO:root:opcode: 03-INPUT, pmodes: 000, from-input: 51, @ctr+1: 9, ctr in: 142, returning: 144
INFO:root:a:[5, 6, 7, 8, 9], i:0, prog_ctr:144, prog_status:RUNNING, inputs:[51]
INFO:root:inputs: 0:[51] 1:[24] 2:[48] 3:[49] 4:[50] 
INFO:root:opcode: 02-MULTIPLY, pmodes: 010, ctr+1: 9, op1: 51, ctr+2: 2, op2: 2, calcval: 102, ctr+3: 9, ctr in: 144, returning: 148
INFO:root:a:[5, 6, 7, 8, 9], i:0, prog_ctr:148, prog_status:RUNNING, inputs:[51]
INFO:root:outputting: 102 to stage: 1
INFO:root:opcode: 04-OUTPUT, pmodes: 000, @ctr+1: 9, ctr in: 148, returning: 150
INFO:root:a:[5, 6, 7, 8, 9], i:0, prog_ctr:150, prog_status:OUTPUT, inputs:[51]
INFO:root:opcode: 03-INPUT, pmodes: 000, from-input: 102, @ctr+1: 9, ctr in: 223, returning: 225
INFO:root:a:[5, 6, 7, 8, 9], i:1, prog_ctr:225, prog_status:RUNNING, inputs:[102]
INFO:root:inputs: 0:[51] 1:[102] 2:[48] 3:[49] 4:[50] 
INFO:root:opcode: 02-MULTIPLY, pmodes: 010, ctr+1: 9, op1: 102, ctr+2: 2, op2: 2, calcval: 204, ctr+3: 9, ctr in: 225, returning: 229
INFO:root:a:[5, 6, 7, 8, 9], i:1, prog_ctr:229, prog_status:RUNNING, inputs:[102]
INFO:root:outputting: 204 to stage: 2
INFO:root:opcode: 04-OUTPUT, pmodes: 000, @ctr+1: 9, ctr in: 229, returning: 231
INFO:root:a:[5, 6, 7, 8, 9], i:1, prog_ctr:231, prog_status:OUTPUT, inputs:[102]
INFO:root:opcode: 03-INPUT, pmodes: 000, from-input: 204, @ctr+1: 9, ctr in: 304, returning: 306
INFO:root:a:[5, 6, 7, 8, 9], i:2, prog_ctr:306, prog_status:RUNNING, inputs:[204]
INFO:root:inputs: 0:[51] 1:[102] 2:[204] 3:[49] 4:[50] 
INFO:root:opcode: 01-ADD, pmodes: 001, ctr+1: 1, op1: 1, ctr+2: 9, op2: 204, calcval: 205, ctr+3: 9, ctr in: 306, returning: 310
INFO:root:a:[5, 6, 7, 8, 9], i:2, prog_ctr:310, prog_status:RUNNING, inputs:[204]
INFO:root:outputting: 205 to stage: 3
INFO:root:opcode: 04-OUTPUT, pmodes: 000, @ctr+1: 9, ctr in: 310, returning: 312
INFO:root:a:[5, 6, 7, 8, 9], i:2, prog_ctr:312, prog_status:OUTPUT, inputs:[204]
INFO:root:opcode: 03-INPUT, pmodes: 000, from-input: 205, @ctr+1: 9, ctr in: 385, returning: 387
INFO:root:a:[5, 6, 7, 8, 9], i:3, prog_ctr:387, prog_status:RUNNING, inputs:[205]
INFO:root:inputs: 0:[51] 1:[102] 2:[204] 3:[205] 4:[50] 
INFO:root:opcode: 01-ADD, pmodes: 001, ctr+1: 2, op1: 2, ctr+2: 9, op2: 205, calcval: 207, ctr+3: 9, ctr in: 387, returning: 391
INFO:root:a:[5, 6, 7, 8, 9], i:3, prog_ctr:391, prog_status:RUNNING, inputs:[205]
INFO:root:outputting: 207 to stage: 4
INFO:root:opcode: 04-OUTPUT, pmodes: 000, @ctr+1: 9, ctr in: 391, returning: 393
INFO:root:a:[5, 6, 7, 8, 9], i:3, prog_ctr:393, prog_status:OUTPUT, inputs:[205]
INFO:root:opcode: 03-INPUT, pmodes: 000, from-input: 207, @ctr+1: 9, ctr in: 466, returning: 468
INFO:root:a:[5, 6, 7, 8, 9], i:4, prog_ctr:468, prog_status:RUNNING, inputs:[207]
INFO:root:inputs: 0:[51] 1:[102] 2:[204] 3:[205] 4:[207] 
INFO:root:opcode: 01-ADD, pmodes: 001, ctr+1: 2, op1: 2, ctr+2: 9, op2: 207, calcval: 209, ctr+3: 9, ctr in: 468, returning: 472
INFO:root:a:[5, 6, 7, 8, 9], i:4, prog_ctr:472, prog_status:RUNNING, inputs:[207]
INFO:root:outputting: 209 to stage: 0
INFO:root:opcode: 04-OUTPUT, pmodes: 000, @ctr+1: 9, ctr in: 472, returning: 474
INFO:root:a:[5, 6, 7, 8, 9], i:4, prog_ctr:474, prog_status:OUTPUT, inputs:[207]
INFO:root:opcode: 03-INPUT, pmodes: 000, from-input: 209, @ctr+1: 9, ctr in: 150, returning: 152
INFO:root:a:[5, 6, 7, 8, 9], i:0, prog_ctr:152, prog_status:RUNNING, inputs:[209]
INFO:root:inputs: 0:[209] 1:[102] 2:[204] 3:[205] 4:[207] 
INFO:root:opcode: 01-ADD, pmodes: 001, ctr+1: 2, op1: 2, ctr+2: 9, op2: 209, calcval: 211, ctr+3: 9, ctr in: 152, returning: 156
INFO:root:a:[5, 6, 7, 8, 9], i:0, prog_ctr:156, prog_status:RUNNING, inputs:[209]
INFO:root:outputting: 211 to stage: 1
INFO:root:opcode: 04-OUTPUT, pmodes: 000, @ctr+1: 9, ctr in: 156, returning: 158
INFO:root:a:[5, 6, 7, 8, 9], i:0, prog_ctr:158, prog_status:OUTPUT, inputs:[209]
INFO:root:opcode: 03-INPUT, pmodes: 000, from-input: 211, @ctr+1: 9, ctr in: 231, returning: 233
INFO:root:a:[5, 6, 7, 8, 9], i:1, prog_ctr:233, prog_status:RUNNING, inputs:[211]
INFO:root:inputs: 0:[209] 1:[211] 2:[204] 3:[205] 4:[207] 
INFO:root:opcode: 01-ADD, pmodes: 010, ctr+1: 9, op1: 211, ctr+2: 2, op2: 2, calcval: 213, ctr+3: 9, ctr in: 233, returning: 237
INFO:root:a:[5, 6, 7, 8, 9], i:1, prog_ctr:237, prog_status:RUNNING, inputs:[211]
INFO:root:outputting: 213 to stage: 2
INFO:root:opcode: 04-OUTPUT, pmodes: 000, @ctr+1: 9, ctr in: 237, returning: 239
INFO:root:a:[5, 6, 7, 8, 9], i:1, prog_ctr:239, prog_status:OUTPUT, inputs:[211]
INFO:root:opcode: 03-INPUT, pmodes: 000, from-input: 213, @ctr+1: 9, ctr in: 312, returning: 314
INFO:root:a:[5, 6, 7, 8, 9], i:2, prog_ctr:314, prog_status:RUNNING, inputs:[213]
INFO:root:inputs: 0:[209] 1:[211] 2:[213] 3:[205] 4:[207] 
INFO:root:opcode: 01-ADD, pmodes: 001, ctr+1: 1, op1: 1, ctr+2: 9, op2: 213, calcval: 214, ctr+3: 9, ctr in: 314, returning: 318
INFO:root:a:[5, 6, 7, 8, 9], i:2, prog_ctr:318, prog_status:RUNNING, inputs:[213]
INFO:root:outputting: 214 to stage: 3
INFO:root:opcode: 04-OUTPUT, pmodes: 000, @ctr+1: 9, ctr in: 318, returning: 320
INFO:root:a:[5, 6, 7, 8, 9], i:2, prog_ctr:320, prog_status:OUTPUT, inputs:[213]
INFO:root:opcode: 03-INPUT, pmodes: 000, from-input: 214, @ctr+1: 9, ctr in: 393, returning: 395
INFO:root:a:[5, 6, 7, 8, 9], i:3, prog_ctr:395, prog_status:RUNNING, inputs:[214]
INFO:root:inputs: 0:[209] 1:[211] 2:[213] 3:[214] 4:[207] 
INFO:root:opcode: 01-ADD, pmodes: 010, ctr+1: 9, op1: 214, ctr+2: 1, op2: 1, calcval: 215, ctr+3: 9, ctr in: 395, returning: 399
INFO:root:a:[5, 6, 7, 8, 9], i:3, prog_ctr:399, prog_status:RUNNING, inputs:[214]
INFO:root:outputting: 215 to stage: 4
INFO:root:opcode: 04-OUTPUT, pmodes: 000, @ctr+1: 9, ctr in: 399, returning: 401
INFO:root:a:[5, 6, 7, 8, 9], i:3, prog_ctr:401, prog_status:OUTPUT, inputs:[214]
INFO:root:opcode: 03-INPUT, pmodes: 000, from-input: 215, @ctr+1: 9, ctr in: 474, returning: 476
INFO:root:a:[5, 6, 7, 8, 9], i:4, prog_ctr:476, prog_status:RUNNING, inputs:[215]
INFO:root:inputs: 0:[209] 1:[211] 2:[213] 3:[214] 4:[215] 
INFO:root:opcode: 02-MULTIPLY, pmodes: 010, ctr+1: 9, op1: 215, ctr+2: 2, op2: 2, calcval: 430, ctr+3: 9, ctr in: 476, returning: 480
INFO:root:a:[5, 6, 7, 8, 9], i:4, prog_ctr:480, prog_status:RUNNING, inputs:[215]
INFO:root:outputting: 430 to stage: 0
INFO:root:opcode: 04-OUTPUT, pmodes: 000, @ctr+1: 9, ctr in: 480, returning: 482
INFO:root:a:[5, 6, 7, 8, 9], i:4, prog_ctr:482, prog_status:OUTPUT, inputs:[215]
INFO:root:opcode: 03-INPUT, pmodes: 000, from-input: 430, @ctr+1: 9, ctr in: 158, returning: 160
INFO:root:a:[5, 6, 7, 8, 9], i:0, prog_ctr:160, prog_status:RUNNING, inputs:[430]
INFO:root:inputs: 0:[430] 1:[211] 2:[213] 3:[214] 4:[215] 
INFO:root:opcode: 01-ADD, pmodes: 001, ctr+1: 2, op1: 2, ctr+2: 9, op2: 430, calcval: 432, ctr+3: 9, ctr in: 160, returning: 164
INFO:root:a:[5, 6, 7, 8, 9], i:0, prog_ctr:164, prog_status:RUNNING, inputs:[430]
INFO:root:outputting: 432 to stage: 1
INFO:root:opcode: 04-OUTPUT, pmodes: 000, @ctr+1: 9, ctr in: 164, returning: 166
INFO:root:a:[5, 6, 7, 8, 9], i:0, prog_ctr:166, prog_status:OUTPUT, inputs:[430]
INFO:root:opcode: 03-INPUT, pmodes: 000, from-input: 432, @ctr+1: 9, ctr in: 239, returning: 241
INFO:root:a:[5, 6, 7, 8, 9], i:1, prog_ctr:241, prog_status:RUNNING, inputs:[432]
INFO:root:inputs: 0:[430] 1:[432] 2:[213] 3:[214] 4:[215] 
INFO:root:opcode: 02-MULTIPLY, pmodes: 001, ctr+1: 2, op1: 2, ctr+2: 9, op2: 432, calcval: 864, ctr+3: 9, ctr in: 241, returning: 245
INFO:root:a:[5, 6, 7, 8, 9], i:1, prog_ctr:245, prog_status:RUNNING, inputs:[432]
INFO:root:outputting: 864 to stage: 2
INFO:root:opcode: 04-OUTPUT, pmodes: 000, @ctr+1: 9, ctr in: 245, returning: 247
INFO:root:a:[5, 6, 7, 8, 9], i:1, prog_ctr:247, prog_status:OUTPUT, inputs:[432]
INFO:root:opcode: 03-INPUT, pmodes: 000, from-input: 864, @ctr+1: 9, ctr in: 320, returning: 322
INFO:root:a:[5, 6, 7, 8, 9], i:2, prog_ctr:322, prog_status:RUNNING, inputs:[864]
INFO:root:inputs: 0:[430] 1:[432] 2:[864] 3:[214] 4:[215] 
INFO:root:opcode: 02-MULTIPLY, pmodes: 010, ctr+1: 9, op1: 864, ctr+2: 2, op2: 2, calcval: 1728, ctr+3: 9, ctr in: 322, returning: 326
INFO:root:a:[5, 6, 7, 8, 9], i:2, prog_ctr:326, prog_status:RUNNING, inputs:[864]
INFO:root:outputting: 1728 to stage: 3
INFO:root:opcode: 04-OUTPUT, pmodes: 000, @ctr+1: 9, ctr in: 326, returning: 328
INFO:root:a:[5, 6, 7, 8, 9], i:2, prog_ctr:328, prog_status:OUTPUT, inputs:[864]
INFO:root:opcode: 03-INPUT, pmodes: 000, from-input: 1728, @ctr+1: 9, ctr in: 401, returning: 403
INFO:root:a:[5, 6, 7, 8, 9], i:3, prog_ctr:403, prog_status:RUNNING, inputs:[1728]
INFO:root:inputs: 0:[430] 1:[432] 2:[864] 3:[1728] 4:[215] 
INFO:root:opcode: 01-ADD, pmodes: 010, ctr+1: 9, op1: 1728, ctr+2: 2, op2: 2, calcval: 1730, ctr+3: 9, ctr in: 403, returning: 407
INFO:root:a:[5, 6, 7, 8, 9], i:3, prog_ctr:407, prog_status:RUNNING, inputs:[1728]
INFO:root:outputting: 1730 to stage: 4
INFO:root:opcode: 04-OUTPUT, pmodes: 000, @ctr+1: 9, ctr in: 407, returning: 409
INFO:root:a:[5, 6, 7, 8, 9], i:3, prog_ctr:409, prog_status:OUTPUT, inputs:[1728]
INFO:root:opcode: 03-INPUT, pmodes: 000, from-input: 1730, @ctr+1: 9, ctr in: 482, returning: 484
INFO:root:a:[5, 6, 7, 8, 9], i:4, prog_ctr:484, prog_status:RUNNING, inputs:[1730]
INFO:root:inputs: 0:[430] 1:[432] 2:[864] 3:[1728] 4:[1730] 
INFO:root:opcode: 02-MULTIPLY, pmodes: 001, ctr+1: 2, op1: 2, ctr+2: 9, op2: 1730, calcval: 3460, ctr+3: 9, ctr in: 484, returning: 488
INFO:root:a:[5, 6, 7, 8, 9], i:4, prog_ctr:488, prog_status:RUNNING, inputs:[1730]
INFO:root:outputting: 3460 to stage: 0
INFO:root:opcode: 04-OUTPUT, pmodes: 000, @ctr+1: 9, ctr in: 488, returning: 490
INFO:root:a:[5, 6, 7, 8, 9], i:4, prog_ctr:490, prog_status:OUTPUT, inputs:[1730]
INFO:root:opcode: 03-INPUT, pmodes: 000, from-input: 3460, @ctr+1: 9, ctr in: 166, returning: 168
INFO:root:a:[5, 6, 7, 8, 9], i:0, prog_ctr:168, prog_status:RUNNING, inputs:[3460]
INFO:root:inputs: 0:[3460] 1:[432] 2:[864] 3:[1728] 4:[1730] 
INFO:root:opcode: 01-ADD, pmodes: 010, ctr+1: 9, op1: 3460, ctr+2: 2, op2: 2, calcval: 3462, ctr+3: 9, ctr in: 168, returning: 172
INFO:root:a:[5, 6, 7, 8, 9], i:0, prog_ctr:172, prog_status:RUNNING, inputs:[3460]
INFO:root:outputting: 3462 to stage: 1
INFO:root:opcode: 04-OUTPUT, pmodes: 000, @ctr+1: 9, ctr in: 172, returning: 174
INFO:root:a:[5, 6, 7, 8, 9], i:0, prog_ctr:174, prog_status:OUTPUT, inputs:[3460]
INFO:root:opcode: 03-INPUT, pmodes: 000, from-input: 3462, @ctr+1: 9, ctr in: 247, returning: 249
INFO:root:a:[5, 6, 7, 8, 9], i:1, prog_ctr:249, prog_status:RUNNING, inputs:[3462]
INFO:root:inputs: 0:[3460] 1:[3462] 2:[864] 3:[1728] 4:[1730] 
INFO:root:opcode: 02-MULTIPLY, pmodes: 001, ctr+1: 2, op1: 2, ctr+2: 9, op2: 3462, calcval: 6924, ctr+3: 9, ctr in: 249, returning: 253
INFO:root:a:[5, 6, 7, 8, 9], i:1, prog_ctr:253, prog_status:RUNNING, inputs:[3462]
INFO:root:outputting: 6924 to stage: 2
INFO:root:opcode: 04-OUTPUT, pmodes: 000, @ctr+1: 9, ctr in: 253, returning: 255
INFO:root:a:[5, 6, 7, 8, 9], i:1, prog_ctr:255, prog_status:OUTPUT, inputs:[3462]
INFO:root:opcode: 03-INPUT, pmodes: 000, from-input: 6924, @ctr+1: 9, ctr in: 328, returning: 330
INFO:root:a:[5, 6, 7, 8, 9], i:2, prog_ctr:330, prog_status:RUNNING, inputs:[6924]
INFO:root:inputs: 0:[3460] 1:[3462] 2:[6924] 3:[1728] 4:[1730] 
INFO:root:opcode: 02-MULTIPLY, pmodes: 001, ctr+1: 2, op1: 2, ctr+2: 9, op2: 6924, calcval: 13848, ctr+3: 9, ctr in: 330, returning: 334
INFO:root:a:[5, 6, 7, 8, 9], i:2, prog_ctr:334, prog_status:RUNNING, inputs:[6924]
INFO:root:outputting: 13848 to stage: 3
INFO:root:opcode: 04-OUTPUT, pmodes: 000, @ctr+1: 9, ctr in: 334, returning: 336
INFO:root:a:[5, 6, 7, 8, 9], i:2, prog_ctr:336, prog_status:OUTPUT, inputs:[6924]
INFO:root:opcode: 03-INPUT, pmodes: 000, from-input: 13848, @ctr+1: 9, ctr in: 409, returning: 411
INFO:root:a:[5, 6, 7, 8, 9], i:3, prog_ctr:411, prog_status:RUNNING, inputs:[13848]
INFO:root:inputs: 0:[3460] 1:[3462] 2:[6924] 3:[13848] 4:[1730] 
INFO:root:opcode: 01-ADD, pmodes: 010, ctr+1: 9, op1: 13848, ctr+2: 1, op2: 1, calcval: 13849, ctr+3: 9, ctr in: 411, returning: 415
INFO:root:a:[5, 6, 7, 8, 9], i:3, prog_ctr:415, prog_status:RUNNING, inputs:[13848]
INFO:root:outputting: 13849 to stage: 4
INFO:root:opcode: 04-OUTPUT, pmodes: 000, @ctr+1: 9, ctr in: 415, returning: 417
INFO:root:a:[5, 6, 7, 8, 9], i:3, prog_ctr:417, prog_status:OUTPUT, inputs:[13848]
INFO:root:opcode: 03-INPUT, pmodes: 000, from-input: 13849, @ctr+1: 9, ctr in: 490, returning: 492
INFO:root:a:[5, 6, 7, 8, 9], i:4, prog_ctr:492, prog_status:RUNNING, inputs:[13849]
INFO:root:inputs: 0:[3460] 1:[3462] 2:[6924] 3:[13848] 4:[13849] 
INFO:root:opcode: 01-ADD, pmodes: 010, ctr+1: 9, op1: 13849, ctr+2: 1, op2: 1, calcval: 13850, ctr+3: 9, ctr in: 492, returning: 496
INFO:root:a:[5, 6, 7, 8, 9], i:4, prog_ctr:496, prog_status:RUNNING, inputs:[13849]
INFO:root:outputting: 13850 to stage: 0
INFO:root:opcode: 04-OUTPUT, pmodes: 000, @ctr+1: 9, ctr in: 496, returning: 498
INFO:root:a:[5, 6, 7, 8, 9], i:4, prog_ctr:498, prog_status:OUTPUT, inputs:[13849]
INFO:root:opcode: 03-INPUT, pmodes: 000, from-input: 13850, @ctr+1: 9, ctr in: 174, returning: 176
INFO:root:a:[5, 6, 7, 8, 9], i:0, prog_ctr:176, prog_status:RUNNING, inputs:[13850]
INFO:root:inputs: 0:[13850] 1:[3462] 2:[6924] 3:[13848] 4:[13849] 
INFO:root:opcode: 01-ADD, pmodes: 001, ctr+1: 2, op1: 2, ctr+2: 9, op2: 13850, calcval: 13852, ctr+3: 9, ctr in: 176, returning: 180
INFO:root:a:[5, 6, 7, 8, 9], i:0, prog_ctr:180, prog_status:RUNNING, inputs:[13850]
INFO:root:outputting: 13852 to stage: 1
INFO:root:opcode: 04-OUTPUT, pmodes: 000, @ctr+1: 9, ctr in: 180, returning: 182
INFO:root:a:[5, 6, 7, 8, 9], i:0, prog_ctr:182, prog_status:OUTPUT, inputs:[13850]
INFO:root:opcode: 03-INPUT, pmodes: 000, from-input: 13852, @ctr+1: 9, ctr in: 255, returning: 257
INFO:root:a:[5, 6, 7, 8, 9], i:1, prog_ctr:257, prog_status:RUNNING, inputs:[13852]
INFO:root:inputs: 0:[13850] 1:[13852] 2:[6924] 3:[13848] 4:[13849] 
INFO:root:opcode: 01-ADD, pmodes: 010, ctr+1: 9, op1: 13852, ctr+2: 2, op2: 2, calcval: 13854, ctr+3: 9, ctr in: 257, returning: 261
INFO:root:a:[5, 6, 7, 8, 9], i:1, prog_ctr:261, prog_status:RUNNING, inputs:[13852]
INFO:root:outputting: 13854 to stage: 2
INFO:root:opcode: 04-OUTPUT, pmodes: 000, @ctr+1: 9, ctr in: 261, returning: 263
INFO:root:a:[5, 6, 7, 8, 9], i:1, prog_ctr:263, prog_status:OUTPUT, inputs:[13852]
INFO:root:opcode: 03-INPUT, pmodes: 000, from-input: 13854, @ctr+1: 9, ctr in: 336, returning: 338
INFO:root:a:[5, 6, 7, 8, 9], i:2, prog_ctr:338, prog_status:RUNNING, inputs:[13854]
INFO:root:inputs: 0:[13850] 1:[13852] 2:[13854] 3:[13848] 4:[13849] 
INFO:root:opcode: 01-ADD, pmodes: 001, ctr+1: 2, op1: 2, ctr+2: 9, op2: 13854, calcval: 13856, ctr+3: 9, ctr in: 338, returning: 342
INFO:root:a:[5, 6, 7, 8, 9], i:2, prog_ctr:342, prog_status:RUNNING, inputs:[13854]
INFO:root:outputting: 13856 to stage: 3
INFO:root:opcode: 04-OUTPUT, pmodes: 000, @ctr+1: 9, ctr in: 342, returning: 344
INFO:root:a:[5, 6, 7, 8, 9], i:2, prog_ctr:344, prog_status:OUTPUT, inputs:[13854]
INFO:root:opcode: 03-INPUT, pmodes: 000, from-input: 13856, @ctr+1: 9, ctr in: 417, returning: 419
INFO:root:a:[5, 6, 7, 8, 9], i:3, prog_ctr:419, prog_status:RUNNING, inputs:[13856]
INFO:root:inputs: 0:[13850] 1:[13852] 2:[13854] 3:[13856] 4:[13849] 
INFO:root:opcode: 01-ADD, pmodes: 001, ctr+1: 1, op1: 1, ctr+2: 9, op2: 13856, calcval: 13857, ctr+3: 9, ctr in: 419, returning: 423
INFO:root:a:[5, 6, 7, 8, 9], i:3, prog_ctr:423, prog_status:RUNNING, inputs:[13856]
INFO:root:outputting: 13857 to stage: 4
INFO:root:opcode: 04-OUTPUT, pmodes: 000, @ctr+1: 9, ctr in: 423, returning: 425
INFO:root:a:[5, 6, 7, 8, 9], i:3, prog_ctr:425, prog_status:OUTPUT, inputs:[13856]
INFO:root:opcode: 03-INPUT, pmodes: 000, from-input: 13857, @ctr+1: 9, ctr in: 498, returning: 500
INFO:root:a:[5, 6, 7, 8, 9], i:4, prog_ctr:500, prog_status:RUNNING, inputs:[13857]
INFO:root:inputs: 0:[13850] 1:[13852] 2:[13854] 3:[13856] 4:[13857] 
INFO:root:opcode: 02-MULTIPLY, pmodes: 010, ctr+1: 9, op1: 13857, ctr+2: 2, op2: 2, calcval: 27714, ctr+3: 9, ctr in: 500, returning: 504
INFO:root:a:[5, 6, 7, 8, 9], i:4, prog_ctr:504, prog_status:RUNNING, inputs:[13857]
INFO:root:outputting: 27714 to stage: 0
INFO:root:opcode: 04-OUTPUT, pmodes: 000, @ctr+1: 9, ctr in: 504, returning: 506
INFO:root:a:[5, 6, 7, 8, 9], i:4, prog_ctr:506, prog_status:OUTPUT, inputs:[13857]
INFO:root:opcode: 03-INPUT, pmodes: 000, from-input: 27714, @ctr+1: 9, ctr in: 182, returning: 184
INFO:root:a:[5, 6, 7, 8, 9], i:0, prog_ctr:184, prog_status:RUNNING, inputs:[27714]
INFO:root:inputs: 0:[27714] 1:[13852] 2:[13854] 3:[13856] 4:[13857] 
INFO:root:opcode: 01-ADD, pmodes: 010, ctr+1: 9, op1: 27714, ctr+2: 2, op2: 2, calcval: 27716, ctr+3: 9, ctr in: 184, returning: 188
INFO:root:a:[5, 6, 7, 8, 9], i:0, prog_ctr:188, prog_status:RUNNING, inputs:[27714]
INFO:root:outputting: 27716 to stage: 1
INFO:root:opcode: 04-OUTPUT, pmodes: 000, @ctr+1: 9, ctr in: 188, returning: 190
INFO:root:a:[5, 6, 7, 8, 9], i:0, prog_ctr:190, prog_status:OUTPUT, inputs:[27714]
INFO:root:opcode: 03-INPUT, pmodes: 000, from-input: 27716, @ctr+1: 9, ctr in: 263, returning: 265
INFO:root:a:[5, 6, 7, 8, 9], i:1, prog_ctr:265, prog_status:RUNNING, inputs:[27716]
INFO:root:inputs: 0:[27714] 1:[27716] 2:[13854] 3:[13856] 4:[13857] 
INFO:root:opcode: 02-MULTIPLY, pmodes: 001, ctr+1: 2, op1: 2, ctr+2: 9, op2: 27716, calcval: 55432, ctr+3: 9, ctr in: 265, returning: 269
INFO:root:a:[5, 6, 7, 8, 9], i:1, prog_ctr:269, prog_status:RUNNING, inputs:[27716]
INFO:root:outputting: 55432 to stage: 2
INFO:root:opcode: 04-OUTPUT, pmodes: 000, @ctr+1: 9, ctr in: 269, returning: 271
INFO:root:a:[5, 6, 7, 8, 9], i:1, prog_ctr:271, prog_status:OUTPUT, inputs:[27716]
INFO:root:opcode: 03-INPUT, pmodes: 000, from-input: 55432, @ctr+1: 9, ctr in: 344, returning: 346
INFO:root:a:[5, 6, 7, 8, 9], i:2, prog_ctr:346, prog_status:RUNNING, inputs:[55432]
INFO:root:inputs: 0:[27714] 1:[27716] 2:[55432] 3:[13856] 4:[13857] 
INFO:root:opcode: 01-ADD, pmodes: 001, ctr+1: 1, op1: 1, ctr+2: 9, op2: 55432, calcval: 55433, ctr+3: 9, ctr in: 346, returning: 350
INFO:root:a:[5, 6, 7, 8, 9], i:2, prog_ctr:350, prog_status:RUNNING, inputs:[55432]
INFO:root:outputting: 55433 to stage: 3
INFO:root:opcode: 04-OUTPUT, pmodes: 000, @ctr+1: 9, ctr in: 350, returning: 352
INFO:root:a:[5, 6, 7, 8, 9], i:2, prog_ctr:352, prog_status:OUTPUT, inputs:[55432]
INFO:root:opcode: 03-INPUT, pmodes: 000, from-input: 55433, @ctr+1: 9, ctr in: 425, returning: 427
INFO:root:a:[5, 6, 7, 8, 9], i:3, prog_ctr:427, prog_status:RUNNING, inputs:[55433]
INFO:root:inputs: 0:[27714] 1:[27716] 2:[55432] 3:[55433] 4:[13857] 
INFO:root:opcode: 02-MULTIPLY, pmodes: 001, ctr+1: 2, op1: 2, ctr+2: 9, op2: 55433, calcval: 110866, ctr+3: 9, ctr in: 427, returning: 431
INFO:root:a:[5, 6, 7, 8, 9], i:3, prog_ctr:431, prog_status:RUNNING, inputs:[55433]
INFO:root:outputting: 110866 to stage: 4
INFO:root:opcode: 04-OUTPUT, pmodes: 000, @ctr+1: 9, ctr in: 431, returning: 433
INFO:root:a:[5, 6, 7, 8, 9], i:3, prog_ctr:433, prog_status:OUTPUT, inputs:[55433]
INFO:root:opcode: 03-INPUT, pmodes: 000, from-input: 110866, @ctr+1: 9, ctr in: 506, returning: 508
INFO:root:a:[5, 6, 7, 8, 9], i:4, prog_ctr:508, prog_status:RUNNING, inputs:[110866]
INFO:root:inputs: 0:[27714] 1:[27716] 2:[55432] 3:[55433] 4:[110866] 
INFO:root:opcode: 01-ADD, pmodes: 001, ctr+1: 1, op1: 1, ctr+2: 9, op2: 110866, calcval: 110867, ctr+3: 9, ctr in: 508, returning: 512
INFO:root:a:[5, 6, 7, 8, 9], i:4, prog_ctr:512, prog_status:RUNNING, inputs:[110866]
INFO:root:outputting: 110867 to stage: 0
INFO:root:opcode: 04-OUTPUT, pmodes: 000, @ctr+1: 9, ctr in: 512, returning: 514
INFO:root:a:[5, 6, 7, 8, 9], i:4, prog_ctr:514, prog_status:OUTPUT, inputs:[110866]
INFO:root:opcode: 03-INPUT, pmodes: 000, from-input: 110867, @ctr+1: 9, ctr in: 190, returning: 192
INFO:root:a:[5, 6, 7, 8, 9], i:0, prog_ctr:192, prog_status:RUNNING, inputs:[110867]
INFO:root:inputs: 0:[110867] 1:[27716] 2:[55432] 3:[55433] 4:[110866] 
INFO:root:opcode: 02-MULTIPLY, pmodes: 010, ctr+1: 9, op1: 110867, ctr+2: 2, op2: 2, calcval: 221734, ctr+3: 9, ctr in: 192, returning: 196
INFO:root:a:[5, 6, 7, 8, 9], i:0, prog_ctr:196, prog_status:RUNNING, inputs:[110867]
INFO:root:outputting: 221734 to stage: 1
INFO:root:opcode: 04-OUTPUT, pmodes: 000, @ctr+1: 9, ctr in: 196, returning: 198
INFO:root:a:[5, 6, 7, 8, 9], i:0, prog_ctr:198, prog_status:OUTPUT, inputs:[110867]
INFO:root:opcode: 03-INPUT, pmodes: 000, from-input: 221734, @ctr+1: 9, ctr in: 271, returning: 273
INFO:root:a:[5, 6, 7, 8, 9], i:1, prog_ctr:273, prog_status:RUNNING, inputs:[221734]
INFO:root:inputs: 0:[110867] 1:[221734] 2:[55432] 3:[55433] 4:[110866] 
INFO:root:opcode: 02-MULTIPLY, pmodes: 010, ctr+1: 9, op1: 221734, ctr+2: 2, op2: 2, calcval: 443468, ctr+3: 9, ctr in: 273, returning: 277
INFO:root:a:[5, 6, 7, 8, 9], i:1, prog_ctr:277, prog_status:RUNNING, inputs:[221734]
INFO:root:outputting: 443468 to stage: 2
INFO:root:opcode: 04-OUTPUT, pmodes: 000, @ctr+1: 9, ctr in: 277, returning: 279
INFO:root:a:[5, 6, 7, 8, 9], i:1, prog_ctr:279, prog_status:OUTPUT, inputs:[221734]
INFO:root:opcode: 03-INPUT, pmodes: 000, from-input: 443468, @ctr+1: 9, ctr in: 352, returning: 354
INFO:root:a:[5, 6, 7, 8, 9], i:2, prog_ctr:354, prog_status:RUNNING, inputs:[443468]
INFO:root:inputs: 0:[110867] 1:[221734] 2:[443468] 3:[55433] 4:[110866] 
INFO:root:opcode: 01-ADD, pmodes: 001, ctr+1: 1, op1: 1, ctr+2: 9, op2: 443468, calcval: 443469, ctr+3: 9, ctr in: 354, returning: 358
INFO:root:a:[5, 6, 7, 8, 9], i:2, prog_ctr:358, prog_status:RUNNING, inputs:[443468]
INFO:root:outputting: 443469 to stage: 3
INFO:root:opcode: 04-OUTPUT, pmodes: 000, @ctr+1: 9, ctr in: 358, returning: 360
INFO:root:a:[5, 6, 7, 8, 9], i:2, prog_ctr:360, prog_status:OUTPUT, inputs:[443468]
INFO:root:opcode: 03-INPUT, pmodes: 000, from-input: 443469, @ctr+1: 9, ctr in: 433, returning: 435
INFO:root:a:[5, 6, 7, 8, 9], i:3, prog_ctr:435, prog_status:RUNNING, inputs:[443469]
INFO:root:inputs: 0:[110867] 1:[221734] 2:[443468] 3:[443469] 4:[110866] 
INFO:root:opcode: 02-MULTIPLY, pmodes: 001, ctr+1: 2, op1: 2, ctr+2: 9, op2: 443469, calcval: 886938, ctr+3: 9, ctr in: 435, returning: 439
INFO:root:a:[5, 6, 7, 8, 9], i:3, prog_ctr:439, prog_status:RUNNING, inputs:[443469]
INFO:root:outputting: 886938 to stage: 4
INFO:root:opcode: 04-OUTPUT, pmodes: 000, @ctr+1: 9, ctr in: 439, returning: 441
INFO:root:a:[5, 6, 7, 8, 9], i:3, prog_ctr:441, prog_status:OUTPUT, inputs:[443469]
INFO:root:opcode: 03-INPUT, pmodes: 000, from-input: 886938, @ctr+1: 9, ctr in: 514, returning: 516
INFO:root:a:[5, 6, 7, 8, 9], i:4, prog_ctr:516, prog_status:RUNNING, inputs:[886938]
INFO:root:inputs: 0:[110867] 1:[221734] 2:[443468] 3:[443469] 4:[886938] 
INFO:root:opcode: 02-MULTIPLY, pmodes: 001, ctr+1: 2, op1: 2, ctr+2: 9, op2: 886938, calcval: 1773876, ctr+3: 9, ctr in: 516, returning: 520
INFO:root:a:[5, 6, 7, 8, 9], i:4, prog_ctr:520, prog_status:RUNNING, inputs:[886938]
INFO:root:outputting: 1773876 to stage: 0
INFO:root:opcode: 04-OUTPUT, pmodes: 000, @ctr+1: 9, ctr in: 520, returning: 522
INFO:root:a:[5, 6, 7, 8, 9], i:4, prog_ctr:522, prog_status:OUTPUT, inputs:[886938]
INFO:root:opcode: 03-INPUT, pmodes: 000, from-input: 1773876, @ctr+1: 9, ctr in: 198, returning: 200
INFO:root:a:[5, 6, 7, 8, 9], i:0, prog_ctr:200, prog_status:RUNNING, inputs:[1773876]
INFO:root:inputs: 0:[1773876] 1:[221734] 2:[443468] 3:[443469] 4:[886938] 
INFO:root:opcode: 01-ADD, pmodes: 010, ctr+1: 9, op1: 1773876, ctr+2: 1, op2: 1, calcval: 1773877, ctr+3: 9, ctr in: 200, returning: 204
INFO:root:a:[5, 6, 7, 8, 9], i:0, prog_ctr:204, prog_status:RUNNING, inputs:[1773876]
INFO:root:outputting: 1773877 to stage: 1
INFO:root:opcode: 04-OUTPUT, pmodes: 000, @ctr+1: 9, ctr in: 204, returning: 206
INFO:root:a:[5, 6, 7, 8, 9], i:0, prog_ctr:206, prog_status:OUTPUT, inputs:[1773876]
INFO:root:opcode: 03-INPUT, pmodes: 000, from-input: 1773877, @ctr+1: 9, ctr in: 279, returning: 281
INFO:root:a:[5, 6, 7, 8, 9], i:1, prog_ctr:281, prog_status:RUNNING, inputs:[1773877]
INFO:root:inputs: 0:[1773876] 1:[1773877] 2:[443468] 3:[443469] 4:[886938] 
INFO:root:opcode: 02-MULTIPLY, pmodes: 001, ctr+1: 2, op1: 2, ctr+2: 9, op2: 1773877, calcval: 3547754, ctr+3: 9, ctr in: 281, returning: 285
INFO:root:a:[5, 6, 7, 8, 9], i:1, prog_ctr:285, prog_status:RUNNING, inputs:[1773877]
INFO:root:outputting: 3547754 to stage: 2
INFO:root:opcode: 04-OUTPUT, pmodes: 000, @ctr+1: 9, ctr in: 285, returning: 287
INFO:root:a:[5, 6, 7, 8, 9], i:1, prog_ctr:287, prog_status:OUTPUT, inputs:[1773877]
INFO:root:opcode: 03-INPUT, pmodes: 000, from-input: 3547754, @ctr+1: 9, ctr in: 360, returning: 362
INFO:root:a:[5, 6, 7, 8, 9], i:2, prog_ctr:362, prog_status:RUNNING, inputs:[3547754]
INFO:root:inputs: 0:[1773876] 1:[1773877] 2:[3547754] 3:[443469] 4:[886938] 
INFO:root:opcode: 01-ADD, pmodes: 001, ctr+1: 2, op1: 2, ctr+2: 9, op2: 3547754, calcval: 3547756, ctr+3: 9, ctr in: 362, returning: 366
INFO:root:a:[5, 6, 7, 8, 9], i:2, prog_ctr:366, prog_status:RUNNING, inputs:[3547754]
INFO:root:outputting: 3547756 to stage: 3
INFO:root:opcode: 04-OUTPUT, pmodes: 000, @ctr+1: 9, ctr in: 366, returning: 368
INFO:root:a:[5, 6, 7, 8, 9], i:2, prog_ctr:368, prog_status:OUTPUT, inputs:[3547754]
INFO:root:opcode: 03-INPUT, pmodes: 000, from-input: 3547756, @ctr+1: 9, ctr in: 441, returning: 443
INFO:root:a:[5, 6, 7, 8, 9], i:3, prog_ctr:443, prog_status:RUNNING, inputs:[3547756]
INFO:root:inputs: 0:[1773876] 1:[1773877] 2:[3547754] 3:[3547756] 4:[886938] 
INFO:root:opcode: 01-ADD, pmodes: 001, ctr+1: 1, op1: 1, ctr+2: 9, op2: 3547756, calcval: 3547757, ctr+3: 9, ctr in: 443, returning: 447
INFO:root:a:[5, 6, 7, 8, 9], i:3, prog_ctr:447, prog_status:RUNNING, inputs:[3547756]
INFO:root:outputting: 3547757 to stage: 4
INFO:root:opcode: 04-OUTPUT, pmodes: 000, @ctr+1: 9, ctr in: 447, returning: 449
INFO:root:a:[5, 6, 7, 8, 9], i:3, prog_ctr:449, prog_status:OUTPUT, inputs:[3547756]
INFO:root:opcode: 03-INPUT, pmodes: 000, from-input: 3547757, @ctr+1: 9, ctr in: 522, returning: 524
INFO:root:a:[5, 6, 7, 8, 9], i:4, prog_ctr:524, prog_status:RUNNING, inputs:[3547757]
INFO:root:inputs: 0:[1773876] 1:[1773877] 2:[3547754] 3:[3547756] 4:[3547757] 
INFO:root:opcode: 01-ADD, pmodes: 010, ctr+1: 9, op1: 3547757, ctr+2: 2, op2: 2, calcval: 3547759, ctr+3: 9, ctr in: 524, returning: 528
INFO:root:a:[5, 6, 7, 8, 9], i:4, prog_ctr:528, prog_status:RUNNING, inputs:[3547757]
INFO:root:outputting: 3547759 to stage: 0
INFO:root:opcode: 04-OUTPUT, pmodes: 000, @ctr+1: 9, ctr in: 528, returning: 530
INFO:root:a:[5, 6, 7, 8, 9], i:4, prog_ctr:530, prog_status:OUTPUT, inputs:[3547757]
INFO:root:opcode: 99 - STOP
INFO:root:a:[5, 6, 7, 8, 9], i:0, prog_ctr:STOP, prog_status:STOP, inputs:[3547759]
INFO:root:inputs: 0:[3547759] 1:[1773877] 2:[3547754] 3:[3547756] 4:[3547757] 
INFO:root:opcode: 99 - STOP
INFO:root:a:[5, 6, 7, 8, 9], i:1, prog_ctr:STOP, prog_status:STOP, inputs:[1773877]
INFO:root:inputs: 0:[3547759] 1:[1773877] 2:[3547754] 3:[3547756] 4:[3547757] 
INFO:root:opcode: 99 - STOP
INFO:root:a:[5, 6, 7, 8, 9], i:2, prog_ctr:STOP, prog_status:STOP, inputs:[3547754]
INFO:root:inputs: 0:[3547759] 1:[1773877] 2:[3547754] 3:[3547756] 4:[3547757] 
INFO:root:opcode: 99 - STOP
INFO:root:a:[5, 6, 7, 8, 9], i:3, prog_ctr:STOP, prog_status:STOP, inputs:[3547756]
INFO:root:inputs: 0:[3547759] 1:[1773877] 2:[3547754] 3:[3547756] 4:[3547757] 
INFO:root:opcode: 99 - STOP
INFO:root:a:[5, 6, 7, 8, 9], i:4, prog_ctr:STOP, prog_status:STOP, inputs:[3547757]
INFO:root:inputs: 0:[3547759] 1:[1773877] 2:[3547754] 3:[3547756] 4:[3547757] 
